[debug] [2023-05-10T12:48:38.317Z] ----------------------------------------------------------------------
[debug] [2023-05-10T12:48:38.321Z] Command:       C:\Program Files (x86)\nodejs\node.exe C:\Users\ConceptD\AppData\Roaming\npm\node_modules\firebase-tools\lib\bin\firebase.js init
[debug] [2023-05-10T12:48:38.322Z] CLI Version:   12.0.0
[debug] [2023-05-10T12:48:38.323Z] Platform:      win32
[debug] [2023-05-10T12:48:38.323Z] Node Version:  v18.16.0
[debug] [2023-05-10T12:48:38.325Z] Time:          Wed May 10 2023 14:48:38 GMT+0200 (srednjoeuropsko ljetno vrijeme)
[debug] [2023-05-10T12:48:38.326Z] ----------------------------------------------------------------------
[debug] 
[debug] [2023-05-10T12:48:38.341Z] > command requires scopes: ["email","openid","https://www.googleapis.com/auth/cloudplatformprojects.readonly","https://www.googleapis.com/auth/firebase","https://www.googleapis.com/auth/cloud-platform"]
[debug] [2023-05-10T12:48:38.342Z] > authorizing via signed-in user (malkoc.mario@gmail.com)
[info] 
     ######## #### ########  ######## ########     ###     ######  ########
     ##        ##  ##     ## ##       ##     ##  ##   ##  ##       ##
     ######    ##  ########  ######   ########  #########  ######  ######
     ##        ##  ##    ##  ##       ##     ## ##     ##       ## ##
     ##       #### ##     ## ######## ########  ##     ##  ######  ########

You're about to initialize a Firebase project in this directory:

  C:\Users\ConceptD\Desktop\chat-app

[info] 
=== Project Setup
[info] 
[info] First, let's associate this project directory with a Firebase project.
[info] You can create multiple project aliases by running firebase use --add, 
[info] but for now we'll just set up a default project.
[info] 
[debug] [2023-05-10T12:48:45.426Z] >>> [apiv2][query] GET https://firebase.googleapis.com/v1beta1/projects pageSize=100
[debug] [2023-05-10T12:48:46.151Z] <<< [apiv2][status] GET https://firebase.googleapis.com/v1beta1/projects 200
[debug] [2023-05-10T12:48:46.152Z] <<< [apiv2][body] GET https://firebase.googleapis.com/v1beta1/projects [omitted]
[info] i  Using project greenchat-9e8ae (GreenChat) 
[info] 
=== Database Setup
[info] i  database: ensuring required API firebasedatabase.googleapis.com is enabled... 
[debug] [2023-05-10T12:48:47.475Z] >>> [apiv2][query] GET https://serviceusage.googleapis.com/v1/projects/greenchat-9e8ae/services/firebasedatabase.googleapis.com [none]
[debug] [2023-05-10T12:48:47.475Z] >>> [apiv2][(partial)header] GET https://serviceusage.googleapis.com/v1/projects/greenchat-9e8ae/services/firebasedatabase.googleapis.com x-goog-quota-user=projects/greenchat-9e8ae
[debug] [2023-05-10T12:48:48.588Z] <<< [apiv2][status] GET https://serviceusage.googleapis.com/v1/projects/greenchat-9e8ae/services/firebasedatabase.googleapis.com 200
[debug] [2023-05-10T12:48:48.589Z] <<< [apiv2][body] GET https://serviceusage.googleapis.com/v1/projects/greenchat-9e8ae/services/firebasedatabase.googleapis.com [omitted]
[info] +  database: required API firebasedatabase.googleapis.com is enabled 
[info] 
[debug] [2023-05-10T12:48:48.594Z] >>> [apiv2][query] GET https://firebasedatabase.googleapis.com/v1beta/projects/greenchat-9e8ae/locations/-/instances/greenchat-9e8ae-default-rtdb [none]
[debug] [2023-05-10T12:48:48.942Z] <<< [apiv2][status] GET https://firebasedatabase.googleapis.com/v1beta/projects/greenchat-9e8ae/locations/-/instances/greenchat-9e8ae-default-rtdb 200
[debug] [2023-05-10T12:48:48.942Z] <<< [apiv2][body] GET https://firebasedatabase.googleapis.com/v1beta/projects/greenchat-9e8ae/locations/-/instances/greenchat-9e8ae-default-rtdb {"name":"projects/459389909994/locations/europe-west1/instances/greenchat-9e8ae-default-rtdb","project":"projects/459389909994","databaseUrl":"https://greenchat-9e8ae-default-rtdb.europe-west1.firebasedatabase.app","type":"DEFAULT_DATABASE","state":"ACTIVE"}
[info] 
[info] Firebase Realtime Database Security Rules allow you to define how your data should be
[info] structured and when your data can be read from and written to.
[info] 
[debug] [2023-05-10T12:49:17.520Z] >>> [apiv2][query] GET https://greenchat-9e8ae-default-rtdb.europe-west1.firebasedatabase.app/.settings/rules.json [none]
[debug] [2023-05-10T12:49:17.695Z] <<< [apiv2][status] GET https://greenchat-9e8ae-default-rtdb.europe-west1.firebasedatabase.app/.settings/rules.json 200
[debug] [2023-05-10T12:49:17.695Z] <<< [apiv2][body] GET https://greenchat-9e8ae-default-rtdb.europe-west1.firebasedatabase.app/.settings/rules.json [stream]
[info] +  Database Rules for greenchat-9e8ae-default-rtdb have been written to database.rules.json. 
[info] Future modifications to database.rules.json will update Realtime Database Security Rules when you run
[info] firebase deploy.
[info] 
=== Firestore Setup
[debug] [2023-05-10T12:49:17.707Z] >>> [apiv2][query] GET https://serviceusage.googleapis.com/v1/projects/greenchat-9e8ae/services/firestore.googleapis.com [none]
[debug] [2023-05-10T12:49:17.708Z] >>> [apiv2][(partial)header] GET https://serviceusage.googleapis.com/v1/projects/greenchat-9e8ae/services/firestore.googleapis.com x-goog-quota-user=projects/greenchat-9e8ae
[debug] [2023-05-10T12:49:18.791Z] <<< [apiv2][status] GET https://serviceusage.googleapis.com/v1/projects/greenchat-9e8ae/services/firestore.googleapis.com 200
[debug] [2023-05-10T12:49:18.792Z] <<< [apiv2][body] GET https://serviceusage.googleapis.com/v1/projects/greenchat-9e8ae/services/firestore.googleapis.com [omitted]
[debug] [2023-05-10T12:49:18.793Z] >>> [apiv2][query] GET https://firestore.googleapis.com/v1/projects/greenchat-9e8ae/databases/(default) [none]
[debug] [2023-05-10T12:49:19.094Z] <<< [apiv2][status] GET https://firestore.googleapis.com/v1/projects/greenchat-9e8ae/databases/(default) 200
[debug] [2023-05-10T12:49:19.095Z] <<< [apiv2][body] GET https://firestore.googleapis.com/v1/projects/greenchat-9e8ae/databases/(default) {"name":"projects/greenchat-9e8ae/databases/(default)","uid":"a090e28b-0509-4b83-b8c4-a658cd37be33","createTime":"2023-05-10T12:47:35.921110Z","updateTime":"2023-05-10T12:47:35.921110Z","locationId":"eur3","type":"FIRESTORE_NATIVE","concurrencyMode":"PESSIMISTIC","appEngineIntegrationMode":"DISABLED","keyPrefix":"e","deleteProtectionState":"DELETE_PROTECTION_DISABLED","etag":"IMmiiOfk6v4CMNbr6LXk6v4C"}
[debug] [2023-05-10T12:49:19.095Z] database_type: FIRESTORE_NATIVE
[debug] [2023-05-10T12:49:19.095Z] > command requires scopes: ["email","openid","https://www.googleapis.com/auth/cloudplatformprojects.readonly","https://www.googleapis.com/auth/firebase","https://www.googleapis.com/auth/cloud-platform"]
[debug] [2023-05-10T12:49:19.096Z] > authorizing via signed-in user (malkoc.mario@gmail.com)
[debug] [2023-05-10T12:49:19.096Z] [iam] checking project greenchat-9e8ae for permissions ["firebase.projects.get"]
[debug] [2023-05-10T12:49:19.097Z] >>> [apiv2][query] POST https://cloudresourcemanager.googleapis.com/v1/projects/greenchat-9e8ae:testIamPermissions [none]
[debug] [2023-05-10T12:49:19.097Z] >>> [apiv2][(partial)header] POST https://cloudresourcemanager.googleapis.com/v1/projects/greenchat-9e8ae:testIamPermissions x-goog-quota-user=projects/greenchat-9e8ae
[debug] [2023-05-10T12:49:19.097Z] >>> [apiv2][body] POST https://cloudresourcemanager.googleapis.com/v1/projects/greenchat-9e8ae:testIamPermissions {"permissions":["firebase.projects.get"]}
[debug] [2023-05-10T12:49:19.913Z] <<< [apiv2][status] POST https://cloudresourcemanager.googleapis.com/v1/projects/greenchat-9e8ae:testIamPermissions 200
[debug] [2023-05-10T12:49:19.913Z] <<< [apiv2][body] POST https://cloudresourcemanager.googleapis.com/v1/projects/greenchat-9e8ae:testIamPermissions {"permissions":["firebase.projects.get"]}
[info] 
[info] Firestore Security Rules allow you to define how and when to allow
[info] requests. You can keep these rules in your project directory
[info] and publish them with firebase deploy.
[info] 
[debug] [2023-05-10T12:49:27.361Z] >>> [apiv2][query] GET https://firebaserules.googleapis.com/v1/projects/greenchat-9e8ae/releases pageSize=10&pageToken=
[debug] [2023-05-10T12:49:27.799Z] <<< [apiv2][status] GET https://firebaserules.googleapis.com/v1/projects/greenchat-9e8ae/releases 200
[debug] [2023-05-10T12:49:27.800Z] <<< [apiv2][body] GET https://firebaserules.googleapis.com/v1/projects/greenchat-9e8ae/releases {"releases":[{"name":"projects/greenchat-9e8ae/releases/cloud.firestore","rulesetName":"projects/greenchat-9e8ae/rulesets/68b6104e-cd6c-4ff3-b2bd-10ca645cf95f","createTime":"2023-05-10T12:47:39.367664Z","updateTime":"2023-05-10T12:47:39.367664Z"}]}
[debug] [2023-05-10T12:49:27.800Z] Found ruleset: projects/greenchat-9e8ae/rulesets/68b6104e-cd6c-4ff3-b2bd-10ca645cf95f
[debug] [2023-05-10T12:49:27.801Z] >>> [apiv2][query] GET https://firebaserules.googleapis.com/v1/projects/greenchat-9e8ae/rulesets/68b6104e-cd6c-4ff3-b2bd-10ca645cf95f [none]
[debug] [2023-05-10T12:49:28.617Z] <<< [apiv2][status] GET https://firebaserules.googleapis.com/v1/projects/greenchat-9e8ae/rulesets/68b6104e-cd6c-4ff3-b2bd-10ca645cf95f 200
[debug] [2023-05-10T12:49:28.618Z] <<< [apiv2][body] GET https://firebaserules.googleapis.com/v1/projects/greenchat-9e8ae/rulesets/68b6104e-cd6c-4ff3-b2bd-10ca645cf95f [omitted]
[info] 
[info] Firestore indexes allow you to perform complex queries while
[info] maintaining performance that scales with the size of the result
[info] set. You can keep index definitions in your project directory
[info] and publish them with firebase deploy.
[info] 
[debug] [2023-05-10T12:49:30.768Z] >>> [apiv2][query] GET https://firestore.googleapis.com/v1/projects/greenchat-9e8ae/databases/(default)/collectionGroups/-/indexes [none]
[debug] [2023-05-10T12:49:30.770Z] >>> [apiv2][query] GET https://firestore.googleapis.com/v1/projects/greenchat-9e8ae/databases/(default)/collectionGroups/-/fields?filter=indexConfig.usesAncestorConfig=false OR ttlConfig:* [none]
[debug] [2023-05-10T12:49:31.178Z] <<< [apiv2][status] GET https://firestore.googleapis.com/v1/projects/greenchat-9e8ae/databases/(default)/collectionGroups/-/indexes 200
[debug] [2023-05-10T12:49:31.178Z] <<< [apiv2][body] GET https://firestore.googleapis.com/v1/projects/greenchat-9e8ae/databases/(default)/collectionGroups/-/indexes {}
[debug] [2023-05-10T12:49:31.383Z] <<< [apiv2][status] GET https://firestore.googleapis.com/v1/projects/greenchat-9e8ae/databases/(default)/collectionGroups/-/fields?filter=indexConfig.usesAncestorConfig=false OR ttlConfig:* 200
[debug] [2023-05-10T12:49:31.384Z] <<< [apiv2][body] GET https://firestore.googleapis.com/v1/projects/greenchat-9e8ae/databases/(default)/collectionGroups/-/fields?filter=indexConfig.usesAncestorConfig=false OR ttlConfig:* {"fields":[{"name":"projects/greenchat-9e8ae/databases/(default)/collectionGroups/__default__/fields/*","indexConfig":{"indexes":[{"queryScope":"COLLECTION","fields":[{"fieldPath":"*","order":"ASCENDING"}],"state":"READY"},{"queryScope":"COLLECTION","fields":[{"fieldPath":"*","order":"DESCENDING"}],"state":"READY"},{"queryScope":"COLLECTION","fields":[{"fieldPath":"*","arrayConfig":"CONTAINS"}],"state":"READY"}]}}]}
[info] 
=== Functions Setup
[debug] [2023-05-10T12:49:31.388Z] > command requires scopes: ["email","openid","https://www.googleapis.com/auth/cloudplatformprojects.readonly","https://www.googleapis.com/auth/firebase","https://www.googleapis.com/auth/cloud-platform"]
[debug] [2023-05-10T12:49:31.388Z] > authorizing via signed-in user (malkoc.mario@gmail.com)
[debug] [2023-05-10T12:49:31.389Z] [iam] checking project greenchat-9e8ae for permissions ["firebase.projects.get"]
[debug] [2023-05-10T12:49:31.389Z] >>> [apiv2][query] POST https://cloudresourcemanager.googleapis.com/v1/projects/greenchat-9e8ae:testIamPermissions [none]
[debug] [2023-05-10T12:49:31.389Z] >>> [apiv2][(partial)header] POST https://cloudresourcemanager.googleapis.com/v1/projects/greenchat-9e8ae:testIamPermissions x-goog-quota-user=projects/greenchat-9e8ae
[debug] [2023-05-10T12:49:31.389Z] >>> [apiv2][body] POST https://cloudresourcemanager.googleapis.com/v1/projects/greenchat-9e8ae:testIamPermissions {"permissions":["firebase.projects.get"]}
[debug] [2023-05-10T12:49:32.206Z] <<< [apiv2][status] POST https://cloudresourcemanager.googleapis.com/v1/projects/greenchat-9e8ae:testIamPermissions 200
[debug] [2023-05-10T12:49:32.206Z] <<< [apiv2][body] POST https://cloudresourcemanager.googleapis.com/v1/projects/greenchat-9e8ae:testIamPermissions {"permissions":["firebase.projects.get"]}
[debug] [2023-05-10T12:49:32.207Z] >>> [apiv2][query] GET https://serviceusage.googleapis.com/v1/projects/greenchat-9e8ae/services/cloudfunctions.googleapis.com [none]
[debug] [2023-05-10T12:49:32.207Z] >>> [apiv2][(partial)header] GET https://serviceusage.googleapis.com/v1/projects/greenchat-9e8ae/services/cloudfunctions.googleapis.com x-goog-quota-user=projects/greenchat-9e8ae
[debug] [2023-05-10T12:49:32.214Z] >>> [apiv2][query] GET https://serviceusage.googleapis.com/v1/projects/greenchat-9e8ae/services/runtimeconfig.googleapis.com [none]
[debug] [2023-05-10T12:49:32.215Z] >>> [apiv2][(partial)header] GET https://serviceusage.googleapis.com/v1/projects/greenchat-9e8ae/services/runtimeconfig.googleapis.com x-goog-quota-user=projects/greenchat-9e8ae
[debug] [2023-05-10T12:49:33.231Z] <<< [apiv2][status] GET https://serviceusage.googleapis.com/v1/projects/greenchat-9e8ae/services/cloudfunctions.googleapis.com 200
[debug] [2023-05-10T12:49:33.232Z] <<< [apiv2][body] GET https://serviceusage.googleapis.com/v1/projects/greenchat-9e8ae/services/cloudfunctions.googleapis.com [omitted]
[debug] [2023-05-10T12:49:33.233Z] >>> [apiv2][query] POST https://serviceusage.googleapis.com/v1/projects/greenchat-9e8ae/services/cloudfunctions.googleapis.com:enable [none]
[debug] [2023-05-10T12:49:33.234Z] >>> [apiv2][(partial)header] POST https://serviceusage.googleapis.com/v1/projects/greenchat-9e8ae/services/cloudfunctions.googleapis.com:enable x-goog-quota-user=projects/greenchat-9e8ae
[debug] [2023-05-10T12:49:33.243Z] <<< [apiv2][status] GET https://serviceusage.googleapis.com/v1/projects/greenchat-9e8ae/services/runtimeconfig.googleapis.com 200
[debug] [2023-05-10T12:49:33.243Z] <<< [apiv2][body] GET https://serviceusage.googleapis.com/v1/projects/greenchat-9e8ae/services/runtimeconfig.googleapis.com [omitted]
[debug] [2023-05-10T12:49:34.966Z] <<< [apiv2][status] POST https://serviceusage.googleapis.com/v1/projects/greenchat-9e8ae/services/cloudfunctions.googleapis.com:enable 200
[debug] [2023-05-10T12:49:34.966Z] <<< [apiv2][body] POST https://serviceusage.googleapis.com/v1/projects/greenchat-9e8ae/services/cloudfunctions.googleapis.com:enable [omitted]
[debug] [2023-05-10T12:49:44.980Z] >>> [apiv2][query] GET https://serviceusage.googleapis.com/v1/projects/greenchat-9e8ae/services/cloudfunctions.googleapis.com [none]
[debug] [2023-05-10T12:49:44.981Z] >>> [apiv2][(partial)header] GET https://serviceusage.googleapis.com/v1/projects/greenchat-9e8ae/services/cloudfunctions.googleapis.com x-goog-quota-user=projects/greenchat-9e8ae
[debug] [2023-05-10T12:49:46.028Z] <<< [apiv2][status] GET https://serviceusage.googleapis.com/v1/projects/greenchat-9e8ae/services/cloudfunctions.googleapis.com 200
[debug] [2023-05-10T12:49:46.029Z] <<< [apiv2][body] GET https://serviceusage.googleapis.com/v1/projects/greenchat-9e8ae/services/cloudfunctions.googleapis.com [omitted]
[info] Let's create a new codebase for your functions.
[info] A directory corresponding to the codebase will be created in your project
[info] with sample code pre-configured.

[info] See https://firebase.google.com/docs/functions/organize-functions for
[info] more information on organizing your functions using codebases.

[info] Functions can be deployed with firebase deploy.

[info] +  Wrote functions/package.json 
[info] +  Wrote functions/.eslintrc.js 
[info] +  Wrote functions/index.js 
[info] +  Wrote functions/.gitignore 
[info] 
=== Hosting Setup
[info] 
[info] Your public directory is the folder (relative to your project directory) that
[info] will contain Hosting assets to be uploaded with firebase deploy. If you
[info] have a build process for your assets, use your build's output directory.
[info] 
[debug] [2023-05-10T12:51:09.440Z] >>> [apiv2][query] GET https://www.gstatic.com/firebasejs/releases.json [none]
[debug] [2023-05-10T12:51:09.567Z] <<< [apiv2][status] GET https://www.gstatic.com/firebasejs/releases.json 200
[debug] [2023-05-10T12:51:09.567Z] <<< [apiv2][body] GET https://www.gstatic.com/firebasejs/releases.json {"current":{"version":"9.21.0","browserURL":"https://www.gstatic.com/firebasejs/9.21.0/firebase.js","packageURL":"https://www.gstatic.com/firebasejs/9.21.0/firebase.tgz"},"live":{"version":"9.21","browserURL":"https://www.gstatic.com/firebasejs/live/9.21/firebase.js","packageURL":"https://www.gstatic.com/firebasejs/live/9.21/firebase.tgz"},"components":{"analytics":"https://www.gstatic.com/firebasejs/9.21.0/firebase-analytics.js","app":"https://www.gstatic.com/firebasejs/9.21.0/firebase-app.js","app-check":"https://www.gstatic.com/firebasejs/9.21.0/firebase-app-check.js","auth":"https://www.gstatic.com/firebasejs/9.21.0/firebase-auth.js","auth/cordova":"https://www.gstatic.com/firebasejs/9.21.0/firebase-auth/cordova.js","auth/react-native":"https://www.gstatic.com/firebasejs/9.21.0/firebase-auth/react-native.js","functions":"https://www.gstatic.com/firebasejs/9.21.0/firebase-functions.js","firestore":"https://www.gstatic.com/firebasejs/9.21.0/firebase-firestore.js","firestore/lite":"https://www.gstatic.com/firebasejs/9.21.0/firebase-firestore/lite.js","installations":"https://www.gstatic.com/firebasejs/9.21.0/firebase-installations.js","storage":"https://www.gstatic.com/firebasejs/9.21.0/firebase-storage.js","performance":"https://www.gstatic.com/firebasejs/9.21.0/firebase-performance.js","remote-config":"https://www.gstatic.com/firebasejs/9.21.0/firebase-remote-config.js","messaging":"https://www.gstatic.com/firebasejs/9.21.0/firebase-messaging.js","messaging/sw":"https://www.gstatic.com/firebasejs/9.21.0/firebase-messaging/sw.js","database":"https://www.gstatic.com/firebasejs/9.21.0/firebase-database.js","firestore.memory":"https://www.gstatic.com/firebasejs/9.21.0/firebase-firestore.memory.js"}}
[info] +  Wrote public/index.html 
[info] 
[info] i  Detected a .git folder at C:\Users\ConceptD\Desktop\chat-app 
[info] i  Authorizing with GitHub to upload your service account to a GitHub repository's secrets store. 
[info] 
[info] Visit this URL on this device to log in:
[info] https://github.com/login/oauth/authorize?client_id=89cf50f02ac6aaed3484&state=925863728&redirect_uri=http%3A%2F%2Flocalhost%3A9005&scope=read%3Auser%20repo%20public_repo
[info] 
[info] Waiting for authentication...
[debug] [2023-05-10T12:52:30.026Z] >>> [apiv2][query] POST https://github.com/login/oauth/access_token [none]
[debug] [2023-05-10T12:52:30.026Z] >>> [apiv2][body] POST https://github.com/login/oauth/access_token [stream]
[debug] [2023-05-10T12:52:30.374Z] <<< [apiv2][status] POST https://github.com/login/oauth/access_token 200
[debug] [2023-05-10T12:52:30.375Z] <<< [apiv2][body] POST https://github.com/login/oauth/access_token {"access_token":"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","token_type":"bearer","scope":"read:user,repo"}
[debug] [2023-05-10T12:52:30.411Z] >>> [apiv2][query] GET https://api.github.com/user [none]
[debug] [2023-05-10T12:52:30.786Z] <<< [apiv2][status] GET https://api.github.com/user 200
[debug] [2023-05-10T12:52:30.786Z] <<< [apiv2][body] GET https://api.github.com/user {"login":"perfoo","id":82461748,"node_id":"MDQ6VXNlcjgyNDYxNzQ4","avatar_url":"https://avatars.githubusercontent.com/u/82461748?v=4","gravatar_id":"","url":"https://api.github.com/users/perfoo","html_url":"https://github.com/perfoo","followers_url":"https://api.github.com/users/perfoo/followers","following_url":"https://api.github.com/users/perfoo/following{/other_user}","gists_url":"https://api.github.com/users/perfoo/gists{/gist_id}","starred_url":"https://api.github.com/users/perfoo/starred{/owner}{/repo}","subscriptions_url":"https://api.github.com/users/perfoo/subscriptions","organizations_url":"https://api.github.com/users/perfoo/orgs","repos_url":"https://api.github.com/users/perfoo/repos","events_url":"https://api.github.com/users/perfoo/events{/privacy}","received_events_url":"https://api.github.com/users/perfoo/received_events","type":"User","site_admin":false,"name":null,"company":null,"blog":"","location":null,"email":null,"hireable":null,"bio":null,"twitter_username":null,"public_repos":17,"public_gists":0,"followers":0,"following":0,"created_at":"2021-04-13T15:21:36Z","updated_at":"2023-05-10T12:52:21Z","private_gists":0,"total_private_repos":1,"owned_private_repos":1,"disk_usage":10195,"collaborators":0,"two_factor_authentication":false,"plan":{"name":"free","space":976562499,"collaborators":0,"private_repos":10000}}
[info] 
[info] +  Success! Logged into GitHub as perfoo 
[info] 
